<?xml version="1.0" encoding="UTF-8"?>
<testsuite xmlns:xsi="http://www.w3.org/2001/XMLSchema-instance" xsi:noNamespaceSchemaLocation="https://maven.apache.org/surefire/maven-surefire-plugin/xsd/surefire-test-report-3.0.xsd" version="3.0" name="TestSuite" time="1.124" tests="2" errors="0" skipped="0" failures="0">
  <properties>
[...]
</properties>
  <testcase name="Practice101" classname="MavenTutorial.TestNG_Test" time="0.011">
    <system-out><![CDATA[Practice101
]]></system-out>
  </testcase>
  <testcase name="Practice102" classname="MavenTutorial.TestNG_Test" time="0">
    <system-out><![CDATA[Practice102
]]></system-out>
  </testcase>
</testsuite>