<?xml version="1.0" encoding="UTF-8"?>
<testng-results skipped="0" failed="0" ignored="0" total="2" passed="2">
  <reporter-output>
  </reporter-output>
  <suite name="Suite" duration-ms="110" started-at="2021-08-20T10:44:21 SGT" finished-at="2021-08-20T10:44:21 SGT">
    <groups>
    </groups>
    <test name="Test" duration-ms="110" started-at="2021-08-20T10:44:21 SGT" finished-at="2021-08-20T10:44:21 SGT">
      <class name="MavenTutorial.TestNG_Test">
        <test-method status="PASS" signature="Practice101()[pri:0, instance:MavenTutorial.TestNG_Test@3dfc5fb8]" name="Practice101" duration-ms="13" started-at="2021-08-20T10:44:21 SGT" finished-at="2021-08-20T10:44:21 SGT">
          <reporter-output>
          </reporter-output>
        </test-method> <!-- Practice101 -->
        <test-method status="PASS" signature="Practice102()[pri:0, instance:MavenTutorial.TestNG_Test@3dfc5fb8]" name="Practice102" duration-ms="2" started-at="2021-08-20T10:44:21 SGT" finished-at="2021-08-20T10:44:21 SGT">
          <reporter-output>
          </reporter-output>
        </test-method> <!-- Practice102 -->
      </class> <!-- MavenTutorial.TestNG_Test -->
    </test> <!-- Test -->
  </suite> <!-- Suite -->
</testng-results>
